<?xml version="1.0" encoding="UTF-8"?>
<testng-results ignored="0" total="1" passed="1" failed="0" skipped="0">
  <reporter-output>
  </reporter-output>
  <suite started-at="2026-01-10T17:12:51 IST" name="TestSuite" finished-at="2026-01-10T17:14:14 IST" duration-ms="83063">
    <groups>
    </groups>
    <test started-at="2026-01-10T17:12:51 IST" name="Test" finished-at="2026-01-10T17:14:14 IST" duration-ms="83063">
      <class name="Tests.CalenderTest">
        <test-method is-config="true" signature="setUp()[pri:0, instance:Tests.CalenderTest@536dbea0]" started-at="2026-01-10T17:12:51 IST" name="setUp" finished-at="2026-01-10T17:13:57 IST" duration-ms="66486" status="PASS">
          <reporter-output>
          </reporter-output>
        </test-method> <!-- setUp -->
        <test-method is-config="true" signature="initPage()[pri:0, instance:Tests.CalenderTest@536dbea0]" started-at="2026-01-10T17:13:57 IST" name="initPage" finished-at="2026-01-10T17:13:57 IST" duration-ms="116" status="PASS">
          <reporter-output>
          </reporter-output>
        </test-method> <!-- initPage -->
        <test-method signature="verifyCalendarWithValidDate()[pri:0, instance:Tests.CalenderTest@536dbea0]" started-at="2026-01-10T17:13:57 IST" name="verifyCalendarWithValidDate" finished-at="2026-01-10T17:14:08 IST" duration-ms="10918" status="PASS">
          <reporter-output>
          </reporter-output>
        </test-method> <!-- verifyCalendarWithValidDate -->
        <test-method is-config="true" signature="tearDown()[pri:0, instance:Tests.CalenderTest@536dbea0]" started-at="2026-01-10T17:14:08 IST" name="tearDown" finished-at="2026-01-10T17:14:14 IST" duration-ms="5444" status="PASS">
          <reporter-output>
          </reporter-output>
        </test-method> <!-- tearDown -->
      </class> <!-- Tests.CalenderTest -->
    </test> <!-- Test -->
  </suite> <!-- TestSuite -->
</testng-results>
