<?xml version="1.0" encoding="UTF-8"?>
<!-- Generated by org.testng.reporters.JUnitXMLReporter -->
<testsuite ignored="0" hostname="DESKTOP-9R00FUT" failures="0" tests="13" name="Test" time="192.137" errors="0" timestamp="2025-09-21T18:12:12 IST">
  <testcase classname="Tests.HomePageTest" name="verifyHomePageIsAccessible" time="0.046"/>
  <testcase classname="Tests.FormFieldTest" name="verifyFormFieldButtonClick" time="1.813"/>
  <testcase classname="Tests.FormFieldTest" name="enterValidDetails" time="1.233"/>
  <testcase classname="Tests.AlertTest" name="verifyPopupButtonClick" time="8.723"/>
  <testcase classname="Tests.AlertTest" name="verifyAlertPopup" time="0.129"/>
  <testcase classname="Tests.AlertTest" name="verifyAcceptConfirmPopup" time="0.285"/>
  <testcase classname="Tests.AlertTest" name="verifyDismissConfirmPopup" time="0.162"/>
  <testcase classname="Tests.AlertTest" name="verifyPromptPopupWithName" time="0.21"/>
  <testcase classname="Tests.AlertTest" name="verifyDismissPromptPopup" time="0.252"/>
  <testcase classname="Tests.WindowOperationsTest" name="VerifyClickWindowOperations" time="7.267"/>
  <testcase classname="Tests.WindowOperationsTest" name="VerifyNewTabOpensSuccessfully" time="3.176"/>
  <testcase classname="Tests.WindowOperationsTest" name="VerifyReplaceWindowOpensSuccessfully" time="8.247"/>
  <testcase classname="Tests.WindowOperationsTest" name="VerifyNewWindowOpensSuccessfully" time="1.467"/>
</testsuite> <!-- Test -->
