<?xml version="1.0" encoding="UTF-8"?>
<!-- Generated by org.testng.reporters.JUnitXMLReporter -->
<testsuite ignored="0" hostname="DESKTOP-9R00FUT" failures="0" tests="9" name="Test" time="88.165" errors="0" timestamp="2025-09-14T18:28:39 IST">
  <testcase classname="Tests.HomePageTest" name="verifyHomePageIsAccessible" time="0.179"/>
  <testcase classname="Tests.FormFieldTest" name="verifyFormFieldButtonClick" time="15.755"/>
  <testcase classname="Tests.FormFieldTest" name="enterValidDetails" time="1.683"/>
  <testcase classname="Tests.AlertTest" name="verifyPopupButtonClick" time="7.38"/>
  <testcase classname="Tests.AlertTest" name="verifyAlertPopup" time="0.153"/>
  <testcase classname="Tests.AlertTest" name="verifyAcceptConfirmPopup" time="0.327"/>
  <testcase classname="Tests.AlertTest" name="verifyPromptPopupWithName" time="0.242"/>
  <testcase classname="Tests.AlertTest" name="verifyDismissConfirmPopup" time="0.388"/>
  <testcase classname="Tests.AlertTest" name="verifyDismissPromptPopup" time="0.364"/>
</testsuite> <!-- Test -->
